<?xml version="1.0" encoding="UTF-8"?>
<testsuite xmlns:xsi="http://www.w3.org/2001/XMLSchema-instance" xsi:noNamespaceSchemaLocation="https://maven.apache.org/surefire/maven-surefire-plugin/xsd/surefire-test-report.xsd" version="3.0.2" name="calculator.TestNotation" time="0.072" tests="4" errors="0" skipped="0" failures="0">
  <properties>
[...]
</properties>
  <testcase name="testOutput(String)[1]" classname="calculator.TestNotation" time="0.061"/>
  <testcase name="testOutput(String)[2]" classname="calculator.TestNotation" time="0.002"/>
  <testcase name="testOutput(String)[3]" classname="calculator.TestNotation" time="0.001"/>
  <testcase name="testOutput(String)[4]" classname="calculator.TestNotation" time="0.001"/>
</testsuite>